<?xml version="1.0" encoding="UTF-8"?>
<testng-results ignored="0" total="2" passed="2" failed="0" skipped="0">
  <reporter-output>
  </reporter-output>
  <suite started-at="2022-10-08T02:48:03 BDT" name="Default suite" finished-at="2022-10-08T02:48:06 BDT" duration-ms="3194">
    <groups>
    </groups>
    <test started-at="2022-10-08T02:48:03 BDT" name="Default test" finished-at="2022-10-08T02:48:06 BDT" duration-ms="3194">
      <class name="test.GetAndPost">
        <test-method signature="testGet()[pri:0, instance:test.GetAndPost@647e447]" started-at="2022-10-08T02:48:03 BDT" name="testGet" finished-at="2022-10-08T02:48:06 BDT" duration-ms="2589" status="PASS">
          <reporter-output>
          </reporter-output>
        </test-method> <!-- testGet -->
        <test-method signature="testPost()[pri:0, instance:test.GetAndPost@647e447]" started-at="2022-10-08T02:48:06 BDT" name="testPost" finished-at="2022-10-08T02:48:06 BDT" duration-ms="559" status="PASS">
          <reporter-output>
          </reporter-output>
        </test-method> <!-- testPost -->
      </class> <!-- test.GetAndPost -->
    </test> <!-- Default test -->
  </suite> <!-- Default suite -->
</testng-results>
